<?xml version="1.0" encoding="UTF-8"?>
<!-- Generated by org.testng.reporters.JUnitReportReporter -->
<testsuite skipped="0" hostname="LAPTOP-S0J4DV0N" name="cucumber.Options.TestRunner" tests="2" failures="0" timestamp="2022-01-14T12:20:16 IST" time="11.044" errors="0">
  <testcase name="runScenario" time="7.299" classname="cucumber.Options.TestRunner"/>
  <system-out/>
  <testcase name="runScenario" time="3.745" classname="cucumber.Options.TestRunner"/>
  <system-out/>
</testsuite> <!-- cucumber.Options.TestRunner -->
