<?xml version="1.0" encoding="UTF-8"?>
<!-- Generated by org.testng.reporters.JUnitReportReporter -->
<testsuite hostname="LAPTOP-S0J4DV0N" failures="0" tests="2" name="cucumber.Options.TestRunner" time="0.248" errors="0" timestamp="2022-01-14T10:36:31 IST" skipped="0">
  <testcase classname="cucumber.Options.TestRunner" name="runScenario" time="0.218"/>
  <system-out/>
  <testcase classname="cucumber.Options.TestRunner" name="runScenario" time="0.030"/>
  <system-out/>
</testsuite> <!-- cucumber.Options.TestRunner -->
